2023-10-02T09:35:09.460+05:30  INFO 14456 --- [main] com.stackroute.Main                      : Starting Main using Java 19.0.1 with PID 14456 (C:\Users\roope\Desktop\healthspar\patient-service\target\classes started by roope in C:\Users\roope\Desktop\healthspar\patient-service)
2023-10-02T09:35:09.484+05:30 DEBUG 14456 --- [main] com.stackroute.Main                      : Running with Spring Boot v3.1.3, Spring v6.0.11
2023-10-02T09:35:09.486+05:30  INFO 14456 --- [main] com.stackroute.Main                      : No active profile set, falling back to 1 default profile: "default"
2023-10-02T09:35:11.520+05:30  INFO 14456 --- [main] .s.d.r.c.RepositoryConfigurationDelegate : Bootstrapping Spring Data MongoDB repositories in DEFAULT mode.
2023-10-02T09:35:11.779+05:30  INFO 14456 --- [main] .s.d.r.c.RepositoryConfigurationDelegate : Finished Spring Data repository scanning in 251 ms. Found 1 MongoDB repository interfaces.
2023-10-02T09:35:14.074+05:30  INFO 14456 --- [main] o.s.b.w.embedded.tomcat.TomcatWebServer  : Tomcat initialized with port(s): 8090 (http)
2023-10-02T09:35:14.110+05:30  INFO 14456 --- [main] o.apache.catalina.core.StandardService   : Starting service [Tomcat]
2023-10-02T09:35:14.111+05:30  INFO 14456 --- [main] o.apache.catalina.core.StandardEngine    : Starting Servlet engine: [Apache Tomcat/10.1.12]
2023-10-02T09:35:14.515+05:30  INFO 14456 --- [main] o.a.c.c.C.[Tomcat].[localhost].[/]       : Initializing Spring embedded WebApplicationContext
2023-10-02T09:35:14.517+05:30  INFO 14456 --- [main] w.s.c.ServletWebServerApplicationContext : Root WebApplicationContext: initialization completed in 4883 ms
2023-10-02T09:35:15.607+05:30  INFO 14456 --- [main] org.mongodb.driver.client                : MongoClient with metadata {"driver": {"name": "mongo-java-driver|sync|spring-boot", "version": "4.9.1"}, "os": {"type": "Windows", "name": "Windows 11", "architecture": "amd64", "version": "10.0"}, "platform": "Java/Oracle Corporation/19.0.1+10-21"} created with settings MongoClientSettings{readPreference=primary, writeConcern=WriteConcern{w=null, wTimeout=null ms, journal=null}, retryWrites=true, retryReads=true, readConcern=ReadConcern{level=null}, credential=null, streamFactoryFactory=null, commandListeners=[], codecRegistry=ProvidersCodecRegistry{codecProviders=[ValueCodecProvider{}, BsonValueCodecProvider{}, DBRefCodecProvider{}, DBObjectCodecProvider{}, DocumentCodecProvider{}, CollectionCodecProvider{}, IterableCodecProvider{}, MapCodecProvider{}, GeoJsonCodecProvider{}, GridFSFileCodecProvider{}, Jsr310CodecProvider{}, JsonObjectCodecProvider{}, BsonCodecProvider{}, EnumCodecProvider{}, com.mongodb.client.model.mql.ExpressionCodecProvider@753fd7a1, com.mongodb.Jep395RecordCodecProvider@12a2585b]}, loggerSettings=LoggerSettings{maxDocumentLength=1000}, clusterSettings={hosts=[localhost:27017], srvServiceName=mongodb, mode=SINGLE, requiredClusterType=UNKNOWN, requiredReplicaSetName='null', serverSelector='null', clusterListeners='[]', serverSelectionTimeout='30000 ms', localThreshold='30000 ms'}, socketSettings=SocketSettings{connectTimeoutMS=10000, readTimeoutMS=0, receiveBufferSize=0, sendBufferSize=0}, heartbeatSocketSettings=SocketSettings{connectTimeoutMS=10000, readTimeoutMS=10000, receiveBufferSize=0, sendBufferSize=0}, connectionPoolSettings=ConnectionPoolSettings{maxSize=100, minSize=0, maxWaitTimeMS=120000, maxConnectionLifeTimeMS=0, maxConnectionIdleTimeMS=0, maintenanceInitialDelayMS=0, maintenanceFrequencyMS=60000, connectionPoolListeners=[], maxConnecting=2}, serverSettings=ServerSettings{heartbeatFrequencyMS=10000, minHeartbeatFrequencyMS=500, serverListeners='[]', serverMonitorListeners='[]'}, sslSettings=SslSettings{enabled=false, invalidHostNameAllowed=false, context=null}, applicationName='null', compressorList=[], uuidRepresentation=JAVA_LEGACY, serverApi=null, autoEncryptionSettings=null, contextProvider=null}
2023-10-02T09:35:15.707+05:30  INFO 14456 --- [cluster-ClusterId{value='651a417bc02fa435e76fa152', description='null'}-localhost:27017] org.mongodb.driver.cluster               : Monitor thread successfully connected to server with description ServerDescription{address=localhost:27017, type=STANDALONE, state=CONNECTED, ok=true, minWireVersion=0, maxWireVersion=8, maxDocumentSize=16777216, logicalSessionTimeoutMinutes=30, roundTripTimeNanos=71381800}
2023-10-02T09:35:18.494+05:30  INFO 14456 --- [main] o.s.b.w.embedded.tomcat.TomcatWebServer  : Tomcat started on port(s): 8090 (http) with context path ''
2023-10-02T09:35:18.508+05:30  INFO 14456 --- [main] com.stackroute.Main                      : Started Main in 10.277 seconds (process running for 11.629)
2023-10-02T10:49:44.602+05:30  INFO 14456 --- [http-nio-8090-exec-1] o.a.c.c.C.[Tomcat].[localhost].[/]       : Initializing Spring DispatcherServlet 'dispatcherServlet'
2023-10-02T10:49:44.605+05:30  INFO 14456 --- [http-nio-8090-exec-1] o.s.web.servlet.DispatcherServlet        : Initializing Servlet 'dispatcherServlet'
2023-10-02T10:49:44.608+05:30  INFO 14456 --- [http-nio-8090-exec-1] o.s.web.servlet.DispatcherServlet        : Completed initialization in 2 ms
2023-10-02T10:49:44.827+05:30 DEBUG 14456 --- [http-nio-8090-exec-1] o.s.data.mongodb.core.MongoTemplate      : findOne using query: { "patientId" : "650fe161ef773a225c7d37bd"} fields: Document{{}} for class: class com.stackroute.model.Patient in collection: patient_details
2023-10-02T10:49:52.202+05:30 DEBUG 14456 --- [http-nio-8090-exec-5] o.s.data.mongodb.core.MongoTemplate      : findOne using query: { "patientId" : "650fe161ef773a225c7d37bd"} fields: Document{{}} for class: class com.stackroute.model.Patient in collection: patient_details
2023-10-02T10:50:47.812+05:30 DEBUG 14456 --- [http-nio-8090-exec-9] o.s.data.mongodb.core.MongoTemplate      : findOne using query: { "patientId" : "650fe161ef773a225c7d37bd"} fields: Document{{}} for class: class com.stackroute.model.Patient in collection: patient_details
2023-10-02T10:51:49.964+05:30 DEBUG 14456 --- [http-nio-8090-exec-3] o.s.data.mongodb.core.MongoTemplate      : findOne using query: { "patientId" : "650fe161ef773a225c7d37bd"} fields: Document{{}} for class: class com.stackroute.model.Patient in collection: patient_details
2023-10-02T10:59:17.676+05:30 DEBUG 14456 --- [http-nio-8090-exec-7] o.s.data.mongodb.core.MongoTemplate      : findOne using query: { "patientId" : "650fe161ef773a225c7d37bd"} fields: Document{{}} for class: class com.stackroute.model.Patient in collection: patient_details
2023-10-02T11:02:34.763+05:30 DEBUG 14456 --- [http-nio-8090-exec-1] o.s.data.mongodb.core.MongoTemplate      : findOne using query: { "patientId" : "650fe161ef773a225c7d37bd"} fields: Document{{}} for class: class com.stackroute.model.Patient in collection: patient_details
2023-10-02T11:05:34.153+05:30 DEBUG 14456 --- [http-nio-8090-exec-5] o.s.data.mongodb.core.MongoTemplate      : findOne using query: { "patientId" : "650fe161ef773a225c7d37bd"} fields: Document{{}} for class: class com.stackroute.model.Patient in collection: patient_details
2023-10-02T11:06:47.465+05:30 DEBUG 14456 --- [http-nio-8090-exec-9] o.s.data.mongodb.core.MongoTemplate      : findOne using query: { "patientId" : "650fe161ef773a225c7d37bd"} fields: Document{{}} for class: class com.stackroute.model.Patient in collection: patient_details
2023-10-02T11:11:42.306+05:30  INFO 3500 --- [main] com.stackroute.Main                      : Starting Main using Java 19.0.1 with PID 3500 (C:\Users\roope\Desktop\healthspar\patient-service\target\classes started by roope in C:\Users\roope\Desktop\healthspar\patient-service)
2023-10-02T11:11:42.306+05:30 DEBUG 3500 --- [main] com.stackroute.Main                      : Running with Spring Boot v3.1.3, Spring v6.0.11
2023-10-02T11:11:42.307+05:30  INFO 3500 --- [main] com.stackroute.Main                      : No active profile set, falling back to 1 default profile: "default"
2023-10-02T11:11:43.017+05:30  INFO 3500 --- [main] .s.d.r.c.RepositoryConfigurationDelegate : Bootstrapping Spring Data MongoDB repositories in DEFAULT mode.
2023-10-02T11:11:43.077+05:30  INFO 3500 --- [main] .s.d.r.c.RepositoryConfigurationDelegate : Finished Spring Data repository scanning in 54 ms. Found 1 MongoDB repository interfaces.
2023-10-02T11:11:43.797+05:30  INFO 3500 --- [main] o.s.b.w.embedded.tomcat.TomcatWebServer  : Tomcat initialized with port(s): 8090 (http)
2023-10-02T11:11:43.809+05:30  INFO 3500 --- [main] o.apache.catalina.core.StandardService   : Starting service [Tomcat]
2023-10-02T11:11:43.810+05:30  INFO 3500 --- [main] o.apache.catalina.core.StandardEngine    : Starting Servlet engine: [Apache Tomcat/10.1.12]
2023-10-02T11:11:43.945+05:30  INFO 3500 --- [main] o.a.c.c.C.[Tomcat].[localhost].[/]       : Initializing Spring embedded WebApplicationContext
2023-10-02T11:11:43.945+05:30  INFO 3500 --- [main] w.s.c.ServletWebServerApplicationContext : Root WebApplicationContext: initialization completed in 1578 ms
2023-10-02T11:11:44.213+05:30  INFO 3500 --- [main] org.mongodb.driver.client                : MongoClient with metadata {"driver": {"name": "mongo-java-driver|sync|spring-boot", "version": "4.9.1"}, "os": {"type": "Windows", "name": "Windows 11", "architecture": "amd64", "version": "10.0"}, "platform": "Java/Oracle Corporation/19.0.1+10-21"} created with settings MongoClientSettings{readPreference=primary, writeConcern=WriteConcern{w=null, wTimeout=null ms, journal=null}, retryWrites=true, retryReads=true, readConcern=ReadConcern{level=null}, credential=null, streamFactoryFactory=null, commandListeners=[], codecRegistry=ProvidersCodecRegistry{codecProviders=[ValueCodecProvider{}, BsonValueCodecProvider{}, DBRefCodecProvider{}, DBObjectCodecProvider{}, DocumentCodecProvider{}, CollectionCodecProvider{}, IterableCodecProvider{}, MapCodecProvider{}, GeoJsonCodecProvider{}, GridFSFileCodecProvider{}, Jsr310CodecProvider{}, JsonObjectCodecProvider{}, BsonCodecProvider{}, EnumCodecProvider{}, com.mongodb.client.model.mql.ExpressionCodecProvider@6ebc9573, com.mongodb.Jep395RecordCodecProvider@1e977098]}, loggerSettings=LoggerSettings{maxDocumentLength=1000}, clusterSettings={hosts=[localhost:27017], srvServiceName=mongodb, mode=SINGLE, requiredClusterType=UNKNOWN, requiredReplicaSetName='null', serverSelector='null', clusterListeners='[]', serverSelectionTimeout='30000 ms', localThreshold='30000 ms'}, socketSettings=SocketSettings{connectTimeoutMS=10000, readTimeoutMS=0, receiveBufferSize=0, sendBufferSize=0}, heartbeatSocketSettings=SocketSettings{connectTimeoutMS=10000, readTimeoutMS=10000, receiveBufferSize=0, sendBufferSize=0}, connectionPoolSettings=ConnectionPoolSettings{maxSize=100, minSize=0, maxWaitTimeMS=120000, maxConnectionLifeTimeMS=0, maxConnectionIdleTimeMS=0, maintenanceInitialDelayMS=0, maintenanceFrequencyMS=60000, connectionPoolListeners=[], maxConnecting=2}, serverSettings=ServerSettings{heartbeatFrequencyMS=10000, minHeartbeatFrequencyMS=500, serverListeners='[]', serverMonitorListeners='[]'}, sslSettings=SslSettings{enabled=false, invalidHostNameAllowed=false, context=null}, applicationName='null', compressorList=[], uuidRepresentation=JAVA_LEGACY, serverApi=null, autoEncryptionSettings=null, contextProvider=null}
2023-10-02T11:11:44.273+05:30  INFO 3500 --- [cluster-ClusterId{value='651a5818a785381d6d9772e0', description='null'}-localhost:27017] org.mongodb.driver.cluster               : Monitor thread successfully connected to server with description ServerDescription{address=localhost:27017, type=STANDALONE, state=CONNECTED, ok=true, minWireVersion=0, maxWireVersion=8, maxDocumentSize=16777216, logicalSessionTimeoutMinutes=30, roundTripTimeNanos=51564700}
2023-10-02T11:11:45.266+05:30  INFO 3500 --- [main] o.s.b.w.embedded.tomcat.TomcatWebServer  : Tomcat started on port(s): 8090 (http) with context path ''
2023-10-02T11:11:45.298+05:30  INFO 3500 --- [main] com.stackroute.Main                      : Started Main in 3.856 seconds (process running for 4.58)
2023-10-02T11:25:52.594+05:30  INFO 17916 --- [main] com.stackroute.Main                      : Starting Main using Java 19.0.1 with PID 17916 (C:\Users\roope\Desktop\healthspar\patient-service\target\classes started by roope in C:\Users\roope\Desktop\healthspar\patient-service)
2023-10-02T11:25:52.596+05:30 DEBUG 17916 --- [main] com.stackroute.Main                      : Running with Spring Boot v3.1.3, Spring v6.0.11
2023-10-02T11:25:52.597+05:30  INFO 17916 --- [main] com.stackroute.Main                      : No active profile set, falling back to 1 default profile: "default"
2023-10-02T11:25:53.238+05:30  INFO 17916 --- [main] .s.d.r.c.RepositoryConfigurationDelegate : Bootstrapping Spring Data MongoDB repositories in DEFAULT mode.
2023-10-02T11:25:53.312+05:30  INFO 17916 --- [main] .s.d.r.c.RepositoryConfigurationDelegate : Finished Spring Data repository scanning in 69 ms. Found 1 MongoDB repository interfaces.
2023-10-02T11:25:53.826+05:30  INFO 17916 --- [main] o.s.b.w.embedded.tomcat.TomcatWebServer  : Tomcat initialized with port(s): 8090 (http)
2023-10-02T11:25:53.838+05:30  INFO 17916 --- [main] o.apache.catalina.core.StandardService   : Starting service [Tomcat]
2023-10-02T11:25:53.839+05:30  INFO 17916 --- [main] o.apache.catalina.core.StandardEngine    : Starting Servlet engine: [Apache Tomcat/10.1.12]
2023-10-02T11:25:53.973+05:30  INFO 17916 --- [main] o.a.c.c.C.[Tomcat].[localhost].[/]       : Initializing Spring embedded WebApplicationContext
2023-10-02T11:25:53.973+05:30  INFO 17916 --- [main] w.s.c.ServletWebServerApplicationContext : Root WebApplicationContext: initialization completed in 1321 ms
2023-10-02T11:25:54.233+05:30  INFO 17916 --- [main] org.mongodb.driver.client                : MongoClient with metadata {"driver": {"name": "mongo-java-driver|sync|spring-boot", "version": "4.9.1"}, "os": {"type": "Windows", "name": "Windows 11", "architecture": "amd64", "version": "10.0"}, "platform": "Java/Oracle Corporation/19.0.1+10-21"} created with settings MongoClientSettings{readPreference=primary, writeConcern=WriteConcern{w=null, wTimeout=null ms, journal=null}, retryWrites=true, retryReads=true, readConcern=ReadConcern{level=null}, credential=null, streamFactoryFactory=null, commandListeners=[], codecRegistry=ProvidersCodecRegistry{codecProviders=[ValueCodecProvider{}, BsonValueCodecProvider{}, DBRefCodecProvider{}, DBObjectCodecProvider{}, DocumentCodecProvider{}, CollectionCodecProvider{}, IterableCodecProvider{}, MapCodecProvider{}, GeoJsonCodecProvider{}, GridFSFileCodecProvider{}, Jsr310CodecProvider{}, JsonObjectCodecProvider{}, BsonCodecProvider{}, EnumCodecProvider{}, com.mongodb.client.model.mql.ExpressionCodecProvider@21b6c9c2, com.mongodb.Jep395RecordCodecProvider@309cedb6]}, loggerSettings=LoggerSettings{maxDocumentLength=1000}, clusterSettings={hosts=[localhost:27017], srvServiceName=mongodb, mode=SINGLE, requiredClusterType=UNKNOWN, requiredReplicaSetName='null', serverSelector='null', clusterListeners='[]', serverSelectionTimeout='30000 ms', localThreshold='30000 ms'}, socketSettings=SocketSettings{connectTimeoutMS=10000, readTimeoutMS=0, receiveBufferSize=0, sendBufferSize=0}, heartbeatSocketSettings=SocketSettings{connectTimeoutMS=10000, readTimeoutMS=10000, receiveBufferSize=0, sendBufferSize=0}, connectionPoolSettings=ConnectionPoolSettings{maxSize=100, minSize=0, maxWaitTimeMS=120000, maxConnectionLifeTimeMS=0, maxConnectionIdleTimeMS=0, maintenanceInitialDelayMS=0, maintenanceFrequencyMS=60000, connectionPoolListeners=[], maxConnecting=2}, serverSettings=ServerSettings{heartbeatFrequencyMS=10000, minHeartbeatFrequencyMS=500, serverListeners='[]', serverMonitorListeners='[]'}, sslSettings=SslSettings{enabled=false, invalidHostNameAllowed=false, context=null}, applicationName='null', compressorList=[], uuidRepresentation=JAVA_LEGACY, serverApi=null, autoEncryptionSettings=null, contextProvider=null}
2023-10-02T11:25:54.304+05:30  INFO 17916 --- [cluster-ClusterId{value='651a5b6ab3306a780076d639', description='null'}-localhost:27017] org.mongodb.driver.cluster               : Monitor thread successfully connected to server with description ServerDescription{address=localhost:27017, type=STANDALONE, state=CONNECTED, ok=true, minWireVersion=0, maxWireVersion=8, maxDocumentSize=16777216, logicalSessionTimeoutMinutes=30, roundTripTimeNanos=56633300}
2023-10-02T11:25:55.290+05:30  INFO 17916 --- [main] o.s.b.w.embedded.tomcat.TomcatWebServer  : Tomcat started on port(s): 8090 (http) with context path ''
2023-10-02T11:25:55.303+05:30  INFO 17916 --- [main] com.stackroute.Main                      : Started Main in 3.832 seconds (process running for 4.692)
2023-10-02T11:32:51.822+05:30  INFO 17916 --- [http-nio-8090-exec-1] o.a.c.c.C.[Tomcat].[localhost].[/]       : Initializing Spring DispatcherServlet 'dispatcherServlet'
2023-10-02T11:32:51.822+05:30  INFO 17916 --- [http-nio-8090-exec-1] o.s.web.servlet.DispatcherServlet        : Initializing Servlet 'dispatcherServlet'
2023-10-02T11:32:51.825+05:30  INFO 17916 --- [http-nio-8090-exec-1] o.s.web.servlet.DispatcherServlet        : Completed initialization in 3 ms
2023-10-02T11:32:52.001+05:30 DEBUG 17916 --- [http-nio-8090-exec-1] o.s.data.mongodb.core.MongoTemplate      : findOne using query: { "patientId" : "650fe161ef773a225c7d37bd"} fields: Document{{}} for class: class com.stackroute.model.Patient in collection: patient_details
2023-10-02T11:42:06.994+05:30 DEBUG 17916 --- [http-nio-8090-exec-3] o.s.data.mongodb.core.MongoTemplate      : findOne using query: { "patientId" : "650fe161ef773a225c7d37bd"} fields: Document{{}} for class: class com.stackroute.model.Patient in collection: patient_details
2023-10-02T11:42:48.653+05:30 DEBUG 17916 --- [http-nio-8090-exec-5] o.s.data.mongodb.core.MongoTemplate      : findOne using query: { "patientId" : "650fe161ef773a225c7d37bd"} fields: Document{{}} for class: class com.stackroute.model.Patient in collection: patient_details
2023-10-02T11:44:34.100+05:30  INFO 17764 --- [main] com.stackroute.Main                      : Starting Main using Java 19.0.1 with PID 17764 (C:\Users\roope\Desktop\healthspar\patient-service\target\classes started by roope in C:\Users\roope\Desktop\healthspar\patient-service)
2023-10-02T11:44:34.102+05:30 DEBUG 17764 --- [main] com.stackroute.Main                      : Running with Spring Boot v3.1.3, Spring v6.0.11
2023-10-02T11:44:34.103+05:30  INFO 17764 --- [main] com.stackroute.Main                      : No active profile set, falling back to 1 default profile: "default"
2023-10-02T11:44:35.078+05:30  INFO 17764 --- [main] .s.d.r.c.RepositoryConfigurationDelegate : Bootstrapping Spring Data MongoDB repositories in DEFAULT mode.
2023-10-02T11:44:35.166+05:30  INFO 17764 --- [main] .s.d.r.c.RepositoryConfigurationDelegate : Finished Spring Data repository scanning in 79 ms. Found 1 MongoDB repository interfaces.
2023-10-02T11:44:36.104+05:30  INFO 17764 --- [main] o.s.b.w.embedded.tomcat.TomcatWebServer  : Tomcat initialized with port(s): 8090 (http)
2023-10-02T11:44:36.136+05:30  INFO 17764 --- [main] o.apache.catalina.core.StandardService   : Starting service [Tomcat]
2023-10-02T11:44:36.137+05:30  INFO 17764 --- [main] o.apache.catalina.core.StandardEngine    : Starting Servlet engine: [Apache Tomcat/10.1.12]
2023-10-02T11:44:36.472+05:30  INFO 17764 --- [main] o.a.c.c.C.[Tomcat].[localhost].[/]       : Initializing Spring embedded WebApplicationContext
2023-10-02T11:44:36.473+05:30  INFO 17764 --- [main] w.s.c.ServletWebServerApplicationContext : Root WebApplicationContext: initialization completed in 2291 ms
2023-10-02T11:44:36.871+05:30  INFO 17764 --- [main] org.mongodb.driver.client                : MongoClient with metadata {"driver": {"name": "mongo-java-driver|sync|spring-boot", "version": "4.9.1"}, "os": {"type": "Windows", "name": "Windows 11", "architecture": "amd64", "version": "10.0"}, "platform": "Java/Oracle Corporation/19.0.1+10-21"} created with settings MongoClientSettings{readPreference=primary, writeConcern=WriteConcern{w=null, wTimeout=null ms, journal=null}, retryWrites=true, retryReads=true, readConcern=ReadConcern{level=null}, credential=null, streamFactoryFactory=null, commandListeners=[], codecRegistry=ProvidersCodecRegistry{codecProviders=[ValueCodecProvider{}, BsonValueCodecProvider{}, DBRefCodecProvider{}, DBObjectCodecProvider{}, DocumentCodecProvider{}, CollectionCodecProvider{}, IterableCodecProvider{}, MapCodecProvider{}, GeoJsonCodecProvider{}, GridFSFileCodecProvider{}, Jsr310CodecProvider{}, JsonObjectCodecProvider{}, BsonCodecProvider{}, EnumCodecProvider{}, com.mongodb.client.model.mql.ExpressionCodecProvider@79d82f66, com.mongodb.Jep395RecordCodecProvider@19b206ee]}, loggerSettings=LoggerSettings{maxDocumentLength=1000}, clusterSettings={hosts=[localhost:27017], srvServiceName=mongodb, mode=SINGLE, requiredClusterType=UNKNOWN, requiredReplicaSetName='null', serverSelector='null', clusterListeners='[]', serverSelectionTimeout='30000 ms', localThreshold='30000 ms'}, socketSettings=SocketSettings{connectTimeoutMS=10000, readTimeoutMS=0, receiveBufferSize=0, sendBufferSize=0}, heartbeatSocketSettings=SocketSettings{connectTimeoutMS=10000, readTimeoutMS=10000, receiveBufferSize=0, sendBufferSize=0}, connectionPoolSettings=ConnectionPoolSettings{maxSize=100, minSize=0, maxWaitTimeMS=120000, maxConnectionLifeTimeMS=0, maxConnectionIdleTimeMS=0, maintenanceInitialDelayMS=0, maintenanceFrequencyMS=60000, connectionPoolListeners=[], maxConnecting=2}, serverSettings=ServerSettings{heartbeatFrequencyMS=10000, minHeartbeatFrequencyMS=500, serverListeners='[]', serverMonitorListeners='[]'}, sslSettings=SslSettings{enabled=false, invalidHostNameAllowed=false, context=null}, applicationName='null', compressorList=[], uuidRepresentation=JAVA_LEGACY, serverApi=null, autoEncryptionSettings=null, contextProvider=null}
2023-10-02T11:44:37.008+05:30  INFO 17764 --- [cluster-ClusterId{value='651a5fcc4e3fdb3196ce226c', description='null'}-localhost:27017] org.mongodb.driver.cluster               : Monitor thread successfully connected to server with description ServerDescription{address=localhost:27017, type=STANDALONE, state=CONNECTED, ok=true, minWireVersion=0, maxWireVersion=8, maxDocumentSize=16777216, logicalSessionTimeoutMinutes=30, roundTripTimeNanos=57121100}
2023-10-02T11:44:38.076+05:30  INFO 17764 --- [main] o.s.b.w.embedded.tomcat.TomcatWebServer  : Tomcat started on port(s): 8090 (http) with context path ''
2023-10-02T11:44:38.104+05:30  INFO 17764 --- [main] com.stackroute.Main                      : Started Main in 4.611 seconds (process running for 5.337)
2023-10-02T11:45:38.912+05:30  INFO 17764 --- [http-nio-8090-exec-1] o.a.c.c.C.[Tomcat].[localhost].[/]       : Initializing Spring DispatcherServlet 'dispatcherServlet'
2023-10-02T11:45:38.913+05:30  INFO 17764 --- [http-nio-8090-exec-1] o.s.web.servlet.DispatcherServlet        : Initializing Servlet 'dispatcherServlet'
2023-10-02T11:45:38.915+05:30  INFO 17764 --- [http-nio-8090-exec-1] o.s.web.servlet.DispatcherServlet        : Completed initialization in 2 ms
2023-10-02T11:45:39.054+05:30 DEBUG 17764 --- [http-nio-8090-exec-1] o.s.data.mongodb.core.MongoTemplate      : findOne using query: { "patientId" : "650fe161ef773a225c7d37bd"} fields: Document{{}} for class: class com.stackroute.model.Patient in collection: patient_details
2023-10-02T11:48:23.655+05:30 DEBUG 17764 --- [http-nio-8090-exec-3] o.s.data.mongodb.core.MongoTemplate      : findOne using query: { "patientId" : "650fe161ef773a225c7d37bd"} fields: Document{{}} for class: class com.stackroute.model.Patient in collection: patient_details
2023-10-02T11:48:50.370+05:30 DEBUG 17764 --- [http-nio-8090-exec-4] o.s.data.mongodb.core.MongoTemplate      : findOne using query: { "patientId" : "650fe161ef773a225c7d37bd"} fields: Document{{}} for class: class com.stackroute.model.Patient in collection: patient_details
2023-10-02T11:49:15.727+05:30 DEBUG 17764 --- [http-nio-8090-exec-6] o.s.data.mongodb.core.MongoTemplate      : findOne using query: { "patientId" : "650fe161ef773a225c7d37bd"} fields: Document{{}} for class: class com.stackroute.model.Patient in collection: patient_details
2023-10-02T11:49:33.573+05:30 DEBUG 17764 --- [http-nio-8090-exec-7] o.s.data.mongodb.core.MongoTemplate      : findOne using query: { "patientId" : "650fe161ef773a225c7d37bd"} fields: Document{{}} for class: class com.stackroute.model.Patient in collection: patient_details
2023-10-02T11:49:57.105+05:30 DEBUG 17764 --- [http-nio-8090-exec-9] o.s.data.mongodb.core.MongoTemplate      : findOne using query: { "patientId" : "650fe161ef773a225c7d37bd"} fields: Document{{}} for class: class com.stackroute.model.Patient in collection: patient_details
2023-10-02T11:50:19.647+05:30 DEBUG 17764 --- [http-nio-8090-exec-10] o.s.data.mongodb.core.MongoTemplate      : findOne using query: { "patientId" : "650fe161ef773a225c7d37bd"} fields: Document{{}} for class: class com.stackroute.model.Patient in collection: patient_details
2023-10-02T11:50:32.891+05:30 DEBUG 17764 --- [http-nio-8090-exec-2] o.s.data.mongodb.core.MongoTemplate      : findOne using query: { "patientId" : "650fe161ef773a225c7d37bd"} fields: Document{{}} for class: class com.stackroute.model.Patient in collection: patient_details
2023-10-02T11:50:45.940+05:30 DEBUG 17764 --- [http-nio-8090-exec-3] o.s.data.mongodb.core.MongoTemplate      : findOne using query: { "patientId" : "650fe161ef773a225c7d37bd"} fields: Document{{}} for class: class com.stackroute.model.Patient in collection: patient_details
2023-10-02T11:50:59.155+05:30 DEBUG 17764 --- [http-nio-8090-exec-5] o.s.data.mongodb.core.MongoTemplate      : findOne using query: { "patientId" : "650fe161ef773a225c7d37bd"} fields: Document{{}} for class: class com.stackroute.model.Patient in collection: patient_details
2023-10-02T11:51:22.607+05:30 DEBUG 17764 --- [http-nio-8090-exec-6] o.s.data.mongodb.core.MongoTemplate      : findOne using query: { "patientId" : "650fe161ef773a225c7d37bd"} fields: Document{{}} for class: class com.stackroute.model.Patient in collection: patient_details
2023-10-02T11:51:33.589+05:30 DEBUG 17764 --- [http-nio-8090-exec-7] o.s.data.mongodb.core.MongoTemplate      : findOne using query: { "patientId" : "650fe161ef773a225c7d37bd"} fields: Document{{}} for class: class com.stackroute.model.Patient in collection: patient_details
2023-10-02T11:51:58.240+05:30 DEBUG 17764 --- [http-nio-8090-exec-8] o.s.data.mongodb.core.MongoTemplate      : findOne using query: { "patientId" : "650fe161ef773a225c7d37bd"} fields: Document{{}} for class: class com.stackroute.model.Patient in collection: patient_details
2023-10-02T11:53:13.055+05:30 DEBUG 17764 --- [http-nio-8090-exec-10] o.s.data.mongodb.core.MongoTemplate      : findOne using query: { "patientId" : "650fe161ef773a225c7d37bd"} fields: Document{{}} for class: class com.stackroute.model.Patient in collection: patient_details
2023-10-02T11:55:14.362+05:30 DEBUG 17764 --- [http-nio-8090-exec-2] o.s.data.mongodb.core.MongoTemplate      : findOne using query: { "patientId" : "650fe161ef773a225c7d37bd"} fields: Document{{}} for class: class com.stackroute.model.Patient in collection: patient_details
2023-10-02T11:55:38.616+05:30 DEBUG 17764 --- [http-nio-8090-exec-4] o.s.data.mongodb.core.MongoTemplate      : findOne using query: { "patientId" : "650fe161ef773a225c7d37bd"} fields: Document{{}} for class: class com.stackroute.model.Patient in collection: patient_details
2023-10-02T11:55:48.694+05:30 DEBUG 17764 --- [http-nio-8090-exec-5] o.s.data.mongodb.core.MongoTemplate      : findOne using query: { "patientId" : "650fe161ef773a225c7d37bd"} fields: Document{{}} for class: class com.stackroute.model.Patient in collection: patient_details
2023-10-02T11:56:40.481+05:30 DEBUG 17764 --- [http-nio-8090-exec-6] o.s.data.mongodb.core.MongoTemplate      : findOne using query: { "patientId" : "650fe161ef773a225c7d37bd"} fields: Document{{}} for class: class com.stackroute.model.Patient in collection: patient_details
2023-10-02T11:57:18.091+05:30 DEBUG 17764 --- [http-nio-8090-exec-7] o.s.data.mongodb.core.MongoTemplate      : findOne using query: { "patientId" : "650fe161ef773a225c7d37bd"} fields: Document{{}} for class: class com.stackroute.model.Patient in collection: patient_details
2023-10-02T11:57:36.587+05:30 DEBUG 17764 --- [http-nio-8090-exec-8] o.s.data.mongodb.core.MongoTemplate      : findOne using query: { "patientId" : "650fe161ef773a225c7d37bd"} fields: Document{{}} for class: class com.stackroute.model.Patient in collection: patient_details
2023-10-02T11:57:47.851+05:30 DEBUG 17764 --- [http-nio-8090-exec-9] o.s.data.mongodb.core.MongoTemplate      : findOne using query: { "patientId" : "650fe161ef773a225c7d37bd"} fields: Document{{}} for class: class com.stackroute.model.Patient in collection: patient_details
2023-10-02T11:58:02.578+05:30 DEBUG 17764 --- [http-nio-8090-exec-10] o.s.data.mongodb.core.MongoTemplate      : findOne using query: { "patientId" : "650fe161ef773a225c7d37bd"} fields: Document{{}} for class: class com.stackroute.model.Patient in collection: patient_details
2023-10-02T11:59:08.472+05:30 DEBUG 17764 --- [http-nio-8090-exec-2] o.s.data.mongodb.core.MongoTemplate      : findOne using query: { "patientId" : "650fe161ef773a225c7d37bd"} fields: Document{{}} for class: class com.stackroute.model.Patient in collection: patient_details
2023-10-02T12:13:50.490+05:30  INFO 9212 --- [main] com.stackroute.Main                      : Starting Main using Java 19.0.1 with PID 9212 (C:\Users\roope\Desktop\healthspar\patient-service\target\classes started by roope in C:\Users\roope\Desktop\healthspar\patient-service)
2023-10-02T12:13:50.493+05:30 DEBUG 9212 --- [main] com.stackroute.Main                      : Running with Spring Boot v3.1.3, Spring v6.0.11
2023-10-02T12:13:50.494+05:30  INFO 9212 --- [main] com.stackroute.Main                      : No active profile set, falling back to 1 default profile: "default"
2023-10-02T12:13:51.479+05:30  INFO 9212 --- [main] .s.d.r.c.RepositoryConfigurationDelegate : Bootstrapping Spring Data MongoDB repositories in DEFAULT mode.
2023-10-02T12:13:51.570+05:30  INFO 9212 --- [main] .s.d.r.c.RepositoryConfigurationDelegate : Finished Spring Data repository scanning in 81 ms. Found 1 MongoDB repository interfaces.
2023-10-02T12:13:52.350+05:30  INFO 9212 --- [main] o.s.b.w.embedded.tomcat.TomcatWebServer  : Tomcat initialized with port(s): 8090 (http)
2023-10-02T12:13:52.378+05:30  INFO 9212 --- [main] o.apache.catalina.core.StandardService   : Starting service [Tomcat]
2023-10-02T12:13:52.379+05:30  INFO 9212 --- [main] o.apache.catalina.core.StandardEngine    : Starting Servlet engine: [Apache Tomcat/10.1.12]
2023-10-02T12:13:52.516+05:30  INFO 9212 --- [main] o.a.c.c.C.[Tomcat].[localhost].[/]       : Initializing Spring embedded WebApplicationContext
2023-10-02T12:13:52.516+05:30  INFO 9212 --- [main] w.s.c.ServletWebServerApplicationContext : Root WebApplicationContext: initialization completed in 1936 ms
2023-10-02T12:13:52.731+05:30  INFO 9212 --- [main] org.mongodb.driver.client                : MongoClient with metadata {"driver": {"name": "mongo-java-driver|sync|spring-boot", "version": "4.9.1"}, "os": {"type": "Windows", "name": "Windows 11", "architecture": "amd64", "version": "10.0"}, "platform": "Java/Oracle Corporation/19.0.1+10-21"} created with settings MongoClientSettings{readPreference=primary, writeConcern=WriteConcern{w=null, wTimeout=null ms, journal=null}, retryWrites=true, retryReads=true, readConcern=ReadConcern{level=null}, credential=null, streamFactoryFactory=null, commandListeners=[], codecRegistry=ProvidersCodecRegistry{codecProviders=[ValueCodecProvider{}, BsonValueCodecProvider{}, DBRefCodecProvider{}, DBObjectCodecProvider{}, DocumentCodecProvider{}, CollectionCodecProvider{}, IterableCodecProvider{}, MapCodecProvider{}, GeoJsonCodecProvider{}, GridFSFileCodecProvider{}, Jsr310CodecProvider{}, JsonObjectCodecProvider{}, BsonCodecProvider{}, EnumCodecProvider{}, com.mongodb.client.model.mql.ExpressionCodecProvider@6ebc9573, com.mongodb.Jep395RecordCodecProvider@1e977098]}, loggerSettings=LoggerSettings{maxDocumentLength=1000}, clusterSettings={hosts=[localhost:27017], srvServiceName=mongodb, mode=SINGLE, requiredClusterType=UNKNOWN, requiredReplicaSetName='null', serverSelector='null', clusterListeners='[]', serverSelectionTimeout='30000 ms', localThreshold='30000 ms'}, socketSettings=SocketSettings{connectTimeoutMS=10000, readTimeoutMS=0, receiveBufferSize=0, sendBufferSize=0}, heartbeatSocketSettings=SocketSettings{connectTimeoutMS=10000, readTimeoutMS=10000, receiveBufferSize=0, sendBufferSize=0}, connectionPoolSettings=ConnectionPoolSettings{maxSize=100, minSize=0, maxWaitTimeMS=120000, maxConnectionLifeTimeMS=0, maxConnectionIdleTimeMS=0, maintenanceInitialDelayMS=0, maintenanceFrequencyMS=60000, connectionPoolListeners=[], maxConnecting=2}, serverSettings=ServerSettings{heartbeatFrequencyMS=10000, minHeartbeatFrequencyMS=500, serverListeners='[]', serverMonitorListeners='[]'}, sslSettings=SslSettings{enabled=false, invalidHostNameAllowed=false, context=null}, applicationName='null', compressorList=[], uuidRepresentation=JAVA_LEGACY, serverApi=null, autoEncryptionSettings=null, contextProvider=null}
2023-10-02T12:13:52.762+05:30  INFO 9212 --- [cluster-ClusterId{value='651a66a82d20d606d7d07eaf', description='null'}-localhost:27017] org.mongodb.driver.cluster               : Monitor thread successfully connected to server with description ServerDescription{address=localhost:27017, type=STANDALONE, state=CONNECTED, ok=true, minWireVersion=0, maxWireVersion=8, maxDocumentSize=16777216, logicalSessionTimeoutMinutes=30, roundTripTimeNanos=22552800}
2023-10-02T12:13:53.339+05:30  INFO 9212 --- [main] o.s.b.w.embedded.tomcat.TomcatWebServer  : Tomcat started on port(s): 8090 (http) with context path ''
2023-10-02T12:13:53.351+05:30  INFO 9212 --- [main] com.stackroute.Main                      : Started Main in 3.628 seconds (process running for 4.097)
2023-10-02T12:30:28.063+05:30  INFO 9212 --- [http-nio-8090-exec-1] o.a.c.c.C.[Tomcat].[localhost].[/]       : Initializing Spring DispatcherServlet 'dispatcherServlet'
2023-10-02T12:30:28.068+05:30  INFO 9212 --- [http-nio-8090-exec-1] o.s.web.servlet.DispatcherServlet        : Initializing Servlet 'dispatcherServlet'
2023-10-02T12:30:28.082+05:30  INFO 9212 --- [http-nio-8090-exec-1] o.s.web.servlet.DispatcherServlet        : Completed initialization in 14 ms
2023-10-02T12:30:28.213+05:30 DEBUG 9212 --- [http-nio-8090-exec-1] o.s.data.mongodb.core.MongoTemplate      : findOne using query: { "patientId" : "6518631ba32afb3213588881"} fields: Document{{}} for class: class com.stackroute.model.Patient in collection: patient_details
2023-10-02T12:43:55.655+05:30 DEBUG 9212 --- [http-nio-8090-exec-3] o.s.data.mongodb.core.MongoTemplate      : findOne using query: { "patientId" : "650fe161ef773a225c7d37bd"} fields: Document{{}} for class: class com.stackroute.model.Patient in collection: patient_details
2023-10-02T12:44:56.449+05:30 DEBUG 9212 --- [http-nio-8090-exec-5] o.s.data.mongodb.core.MongoTemplate      : findOne using query: { "patientId" : "650fe161ef773a225c7d37bd"} fields: Document{{}} for class: class com.stackroute.model.Patient in collection: patient_details
2023-10-02T12:45:13.134+05:30 DEBUG 9212 --- [http-nio-8090-exec-6] o.s.data.mongodb.core.MongoTemplate      : findOne using query: { "patientId" : "650fe161ef773a225c7d37bd"} fields: Document{{}} for class: class com.stackroute.model.Patient in collection: patient_details
2023-10-02T12:46:25.690+05:30 DEBUG 9212 --- [http-nio-8090-exec-8] o.s.data.mongodb.core.MongoTemplate      : findOne using query: { "patientId" : "650fe161ef773a225c7d37bd"} fields: Document{{}} for class: class com.stackroute.model.Patient in collection: patient_details
2023-10-02T12:55:32.620+05:30 DEBUG 9212 --- [http-nio-8090-exec-10] o.s.data.mongodb.core.MongoTemplate      : findOne using query: { "patientId" : "650fe161ef773a225c7d37bd"} fields: Document{{}} for class: class com.stackroute.model.Patient in collection: patient_details
2023-10-02T12:55:37.871+05:30 DEBUG 9212 --- [http-nio-8090-exec-2] o.s.data.mongodb.core.MongoTemplate      : findOne using query: { "patientId" : "650fe161ef773a225c7d37bd"} fields: Document{{}} for class: class com.stackroute.model.Patient in collection: patient_details
2023-10-02T12:56:04.561+05:30 DEBUG 9212 --- [http-nio-8090-exec-4] o.s.data.mongodb.core.MongoTemplate      : findOne using query: { "patientId" : "650fe161ef773a225c7d37bd"} fields: Document{{}} for class: class com.stackroute.model.Patient in collection: patient_details
2023-10-02T12:56:44.649+05:30 DEBUG 9212 --- [http-nio-8090-exec-6] o.s.data.mongodb.core.MongoTemplate      : findOne using query: { "patientId" : "650fe161ef773a225c7d37bd"} fields: Document{{}} for class: class com.stackroute.model.Patient in collection: patient_details
2023-10-02T12:56:49.249+05:30 DEBUG 9212 --- [http-nio-8090-exec-8] o.s.data.mongodb.core.MongoTemplate      : findOne using query: { "patientId" : "650fe161ef773a225c7d37bd"} fields: Document{{}} for class: class com.stackroute.model.Patient in collection: patient_details
2023-10-02T12:57:01.095+05:30 DEBUG 9212 --- [http-nio-8090-exec-9] o.s.data.mongodb.core.MongoTemplate      : findOne using query: { "patientId" : "650fe161ef773a225c7d37bd"} fields: Document{{}} for class: class com.stackroute.model.Patient in collection: patient_details
2023-10-02T12:58:02.102+05:30 DEBUG 9212 --- [http-nio-8090-exec-1] o.s.data.mongodb.core.MongoTemplate      : findOne using query: { "patientId" : "650fe161ef773a225c7d37bd"} fields: Document{{}} for class: class com.stackroute.model.Patient in collection: patient_details
2023-10-02T13:03:01.435+05:30 DEBUG 9212 --- [http-nio-8090-exec-3] o.s.data.mongodb.core.MongoTemplate      : findOne using query: { "patientId" : "650fe161ef773a225c7d37bd"} fields: Document{{}} for class: class com.stackroute.model.Patient in collection: patient_details
2023-10-02T13:05:38.792+05:30 DEBUG 9212 --- [http-nio-8090-exec-5] o.s.data.mongodb.core.MongoTemplate      : findOne using query: { "patientId" : "650fe161ef773a225c7d37bd"} fields: Document{{}} for class: class com.stackroute.model.Patient in collection: patient_details
2023-10-02T13:05:42.487+05:30 DEBUG 9212 --- [http-nio-8090-exec-6] o.s.data.mongodb.core.MongoTemplate      : findOne using query: { "patientId" : "650fe161ef773a225c7d37bd"} fields: Document{{}} for class: class com.stackroute.model.Patient in collection: patient_details
2023-10-02T13:09:05.936+05:30  INFO 13820 --- [main] com.stackroute.Main                      : Starting Main using Java 19.0.1 with PID 13820 (C:\Users\roope\Desktop\healthspar\patient-service\target\classes started by roope in C:\Users\roope\Desktop\healthspar\patient-service)
2023-10-02T13:09:05.938+05:30 DEBUG 13820 --- [main] com.stackroute.Main                      : Running with Spring Boot v3.1.3, Spring v6.0.11
2023-10-02T13:09:05.939+05:30  INFO 13820 --- [main] com.stackroute.Main                      : No active profile set, falling back to 1 default profile: "default"
2023-10-02T13:09:06.955+05:30  INFO 13820 --- [main] .s.d.r.c.RepositoryConfigurationDelegate : Bootstrapping Spring Data MongoDB repositories in DEFAULT mode.
2023-10-02T13:09:07.027+05:30  INFO 13820 --- [main] .s.d.r.c.RepositoryConfigurationDelegate : Finished Spring Data repository scanning in 66 ms. Found 1 MongoDB repository interfaces.
2023-10-02T13:09:08.028+05:30  INFO 13820 --- [main] o.s.b.w.embedded.tomcat.TomcatWebServer  : Tomcat initialized with port(s): 8090 (http)
2023-10-02T13:09:08.049+05:30  INFO 13820 --- [main] o.apache.catalina.core.StandardService   : Starting service [Tomcat]
2023-10-02T13:09:08.050+05:30  INFO 13820 --- [main] o.apache.catalina.core.StandardEngine    : Starting Servlet engine: [Apache Tomcat/10.1.12]
2023-10-02T13:09:08.337+05:30  INFO 13820 --- [main] o.a.c.c.C.[Tomcat].[localhost].[/]       : Initializing Spring embedded WebApplicationContext
2023-10-02T13:09:08.338+05:30  INFO 13820 --- [main] w.s.c.ServletWebServerApplicationContext : Root WebApplicationContext: initialization completed in 2321 ms
2023-10-02T13:09:10.451+05:30  INFO 13820 --- [main] org.mongodb.driver.client                : MongoClient with metadata {"driver": {"name": "mongo-java-driver|sync|spring-boot", "version": "4.9.1"}, "os": {"type": "Windows", "name": "Windows 11", "architecture": "amd64", "version": "10.0"}, "platform": "Java/Oracle Corporation/19.0.1+10-21"} created with settings MongoClientSettings{readPreference=primary, writeConcern=WriteConcern{w=null, wTimeout=null ms, journal=null}, retryWrites=true, retryReads=true, readConcern=ReadConcern{level=null}, credential=null, streamFactoryFactory=null, commandListeners=[], codecRegistry=ProvidersCodecRegistry{codecProviders=[ValueCodecProvider{}, BsonValueCodecProvider{}, DBRefCodecProvider{}, DBObjectCodecProvider{}, DocumentCodecProvider{}, CollectionCodecProvider{}, IterableCodecProvider{}, MapCodecProvider{}, GeoJsonCodecProvider{}, GridFSFileCodecProvider{}, Jsr310CodecProvider{}, JsonObjectCodecProvider{}, BsonCodecProvider{}, EnumCodecProvider{}, com.mongodb.client.model.mql.ExpressionCodecProvider@273a5a8a, com.mongodb.Jep395RecordCodecProvider@1823b9c4]}, loggerSettings=LoggerSettings{maxDocumentLength=1000}, clusterSettings={hosts=[localhost:27017], srvServiceName=mongodb, mode=SINGLE, requiredClusterType=UNKNOWN, requiredReplicaSetName='null', serverSelector='null', clusterListeners='[]', serverSelectionTimeout='30000 ms', localThreshold='30000 ms'}, socketSettings=SocketSettings{connectTimeoutMS=10000, readTimeoutMS=0, receiveBufferSize=0, sendBufferSize=0}, heartbeatSocketSettings=SocketSettings{connectTimeoutMS=10000, readTimeoutMS=10000, receiveBufferSize=0, sendBufferSize=0}, connectionPoolSettings=ConnectionPoolSettings{maxSize=100, minSize=0, maxWaitTimeMS=120000, maxConnectionLifeTimeMS=0, maxConnectionIdleTimeMS=0, maintenanceInitialDelayMS=0, maintenanceFrequencyMS=60000, connectionPoolListeners=[], maxConnecting=2}, serverSettings=ServerSettings{heartbeatFrequencyMS=10000, minHeartbeatFrequencyMS=500, serverListeners='[]', serverMonitorListeners='[]'}, sslSettings=SslSettings{enabled=false, invalidHostNameAllowed=false, context=null}, applicationName='null', compressorList=[], uuidRepresentation=JAVA_LEGACY, serverApi=null, autoEncryptionSettings=null, contextProvider=null}
2023-10-02T13:09:10.528+05:30  INFO 13820 --- [cluster-ClusterId{value='651a739e5373e753628550bf', description='null'}-localhost:27017] org.mongodb.driver.cluster               : Monitor thread successfully connected to server with description ServerDescription{address=localhost:27017, type=STANDALONE, state=CONNECTED, ok=true, minWireVersion=0, maxWireVersion=8, maxDocumentSize=16777216, logicalSessionTimeoutMinutes=30, roundTripTimeNanos=53013700}
2023-10-02T13:09:11.700+05:30  INFO 13820 --- [main] o.s.b.w.embedded.tomcat.TomcatWebServer  : Tomcat started on port(s): 8090 (http) with context path ''
2023-10-02T13:09:11.771+05:30  INFO 13820 --- [main] com.stackroute.Main                      : Started Main in 6.736 seconds (process running for 7.653)
2023-10-02T13:21:05.340+05:30  INFO 13820 --- [http-nio-8090-exec-2] o.a.c.c.C.[Tomcat].[localhost].[/]       : Initializing Spring DispatcherServlet 'dispatcherServlet'
2023-10-02T13:21:05.341+05:30  INFO 13820 --- [http-nio-8090-exec-2] o.s.web.servlet.DispatcherServlet        : Initializing Servlet 'dispatcherServlet'
2023-10-02T13:21:05.344+05:30  INFO 13820 --- [http-nio-8090-exec-2] o.s.web.servlet.DispatcherServlet        : Completed initialization in 2 ms
2023-10-02T13:21:05.408+05:30 DEBUG 13820 --- [http-nio-8090-exec-2] o.s.data.mongodb.core.MongoTemplate      : findOne using query: { "patientId" : "650fe161ef773a225c7d37bd"} fields: Document{{}} for class: class com.stackroute.model.Patient in collection: patient_details
2023-10-02T13:23:08.752+05:30 DEBUG 13820 --- [http-nio-8090-exec-6] o.s.data.mongodb.core.MongoTemplate      : findOne using query: { "patientId" : "650fe161ef773a225c7d37bd"} fields: Document{{}} for class: class com.stackroute.model.Patient in collection: patient_details
2023-10-02T13:25:12.533+05:30 DEBUG 13820 --- [http-nio-8090-exec-10] o.s.data.mongodb.core.MongoTemplate      : findOne using query: { "patientId" : "650fe161ef773a225c7d37bd"} fields: Document{{}} for class: class com.stackroute.model.Patient in collection: patient_details
2023-10-02T13:26:00.315+05:30 DEBUG 13820 --- [http-nio-8090-exec-5] o.s.data.mongodb.core.MongoTemplate      : findOne using query: { "patientId" : "650fe161ef773a225c7d37bd"} fields: Document{{}} for class: class com.stackroute.model.Patient in collection: patient_details
2023-10-02T13:30:03.538+05:30 DEBUG 13820 --- [http-nio-8090-exec-9] o.s.data.mongodb.core.MongoTemplate      : findOne using query: { "patientId" : "650fe161ef773a225c7d37bd"} fields: Document{{}} for class: class com.stackroute.model.Patient in collection: patient_details
2023-10-02T14:00:28.124+05:30 DEBUG 13820 --- [http-nio-8090-exec-2] o.s.data.mongodb.core.MongoTemplate      : findOne using query: { "patientId" : "650fe161ef773a225c7d37bd"} fields: Document{{}} for class: class com.stackroute.model.Patient in collection: patient_details
2023-10-02T14:00:36.888+05:30 DEBUG 13820 --- [http-nio-8090-exec-6] o.s.data.mongodb.core.MongoTemplate      : findOne using query: { "patientId" : "650fe161ef773a225c7d37bd"} fields: Document{{}} for class: class com.stackroute.model.Patient in collection: patient_details
2023-10-02T14:00:46.801+05:30 DEBUG 13820 --- [http-nio-8090-exec-10] o.s.data.mongodb.core.MongoTemplate      : findOne using query: { "patientId" : "650fe161ef773a225c7d37bd"} fields: Document{{}} for class: class com.stackroute.model.Patient in collection: patient_details
2023-10-02T14:01:11.084+05:30 DEBUG 13820 --- [http-nio-8090-exec-5] o.s.data.mongodb.core.MongoTemplate      : findOne using query: { "patientId" : "6518631ba32afb3213588881"} fields: Document{{}} for class: class com.stackroute.model.Patient in collection: patient_details
2023-10-02T14:01:58.925+05:30 DEBUG 13820 --- [http-nio-8090-exec-9] o.s.data.mongodb.core.MongoTemplate      : findOne using query: { "patientId" : "650fe161ef773a225c7d37bd"} fields: Document{{}} for class: class com.stackroute.model.Patient in collection: patient_details
2023-10-02T14:02:05.178+05:30 DEBUG 13820 --- [http-nio-8090-exec-2] o.s.data.mongodb.core.MongoTemplate      : findOne using query: { "patientId" : "650fe161ef773a225c7d37bd"} fields: Document{{}} for class: class com.stackroute.model.Patient in collection: patient_details
2023-10-02T14:02:13.979+05:30 DEBUG 13820 --- [http-nio-8090-exec-6] o.s.data.mongodb.core.MongoTemplate      : findOne using query: { "patientId" : "650fe161ef773a225c7d37bd"} fields: Document{{}} for class: class com.stackroute.model.Patient in collection: patient_details
2023-10-02T14:04:42.201+05:30 DEBUG 13820 --- [http-nio-8090-exec-10] o.s.data.mongodb.core.MongoTemplate      : findOne using query: { "patientId" : "650fe161ef773a225c7d37bd"} fields: Document{{}} for class: class com.stackroute.model.Patient in collection: patient_details
2023-10-02T14:07:04.743+05:30 DEBUG 13820 --- [http-nio-8090-exec-5] o.s.data.mongodb.core.MongoTemplate      : findOne using query: { "patientId" : "650fe161ef773a225c7d37bd"} fields: Document{{}} for class: class com.stackroute.model.Patient in collection: patient_details
2023-10-02T16:55:29.542+05:30  INFO 14700 --- [main] com.stackroute.Main                      : Starting Main using Java 19.0.1 with PID 14700 (C:\Users\roope\Desktop\healthspar\patient-service\target\classes started by roope in C:\Users\roope\Desktop\healthspar\patient-service)
2023-10-02T16:55:29.546+05:30 DEBUG 14700 --- [main] com.stackroute.Main                      : Running with Spring Boot v3.1.3, Spring v6.0.11
2023-10-02T16:55:29.548+05:30  INFO 14700 --- [main] com.stackroute.Main                      : No active profile set, falling back to 1 default profile: "default"
2023-10-02T16:55:30.882+05:30  INFO 14700 --- [main] .s.d.r.c.RepositoryConfigurationDelegate : Bootstrapping Spring Data MongoDB repositories in DEFAULT mode.
2023-10-02T16:55:31.020+05:30  INFO 14700 --- [main] .s.d.r.c.RepositoryConfigurationDelegate : Finished Spring Data repository scanning in 130 ms. Found 1 MongoDB repository interfaces.
2023-10-02T16:55:32.075+05:30  INFO 14700 --- [main] o.s.b.w.embedded.tomcat.TomcatWebServer  : Tomcat initialized with port(s): 8090 (http)
2023-10-02T16:55:32.097+05:30  INFO 14700 --- [main] o.apache.catalina.core.StandardService   : Starting service [Tomcat]
2023-10-02T16:55:32.098+05:30  INFO 14700 --- [main] o.apache.catalina.core.StandardEngine    : Starting Servlet engine: [Apache Tomcat/10.1.12]
2023-10-02T16:55:32.324+05:30  INFO 14700 --- [main] o.a.c.c.C.[Tomcat].[localhost].[/]       : Initializing Spring embedded WebApplicationContext
2023-10-02T16:55:32.326+05:30  INFO 14700 --- [main] w.s.c.ServletWebServerApplicationContext : Root WebApplicationContext: initialization completed in 2602 ms
2023-10-02T16:55:32.830+05:30  INFO 14700 --- [main] org.mongodb.driver.client                : MongoClient with metadata {"driver": {"name": "mongo-java-driver|sync|spring-boot", "version": "4.9.1"}, "os": {"type": "Windows", "name": "Windows 11", "architecture": "amd64", "version": "10.0"}, "platform": "Java/Oracle Corporation/19.0.1+10-21"} created with settings MongoClientSettings{readPreference=primary, writeConcern=WriteConcern{w=null, wTimeout=null ms, journal=null}, retryWrites=true, retryReads=true, readConcern=ReadConcern{level=null}, credential=null, streamFactoryFactory=null, commandListeners=[], codecRegistry=ProvidersCodecRegistry{codecProviders=[ValueCodecProvider{}, BsonValueCodecProvider{}, DBRefCodecProvider{}, DBObjectCodecProvider{}, DocumentCodecProvider{}, CollectionCodecProvider{}, IterableCodecProvider{}, MapCodecProvider{}, GeoJsonCodecProvider{}, GridFSFileCodecProvider{}, Jsr310CodecProvider{}, JsonObjectCodecProvider{}, BsonCodecProvider{}, EnumCodecProvider{}, com.mongodb.client.model.mql.ExpressionCodecProvider@5b5dce5c, com.mongodb.Jep395RecordCodecProvider@7f4701b1]}, loggerSettings=LoggerSettings{maxDocumentLength=1000}, clusterSettings={hosts=[localhost:27017], srvServiceName=mongodb, mode=SINGLE, requiredClusterType=UNKNOWN, requiredReplicaSetName='null', serverSelector='null', clusterListeners='[]', serverSelectionTimeout='30000 ms', localThreshold='30000 ms'}, socketSettings=SocketSettings{connectTimeoutMS=10000, readTimeoutMS=0, receiveBufferSize=0, sendBufferSize=0}, heartbeatSocketSettings=SocketSettings{connectTimeoutMS=10000, readTimeoutMS=10000, receiveBufferSize=0, sendBufferSize=0}, connectionPoolSettings=ConnectionPoolSettings{maxSize=100, minSize=0, maxWaitTimeMS=120000, maxConnectionLifeTimeMS=0, maxConnectionIdleTimeMS=0, maintenanceInitialDelayMS=0, maintenanceFrequencyMS=60000, connectionPoolListeners=[], maxConnecting=2}, serverSettings=ServerSettings{heartbeatFrequencyMS=10000, minHeartbeatFrequencyMS=500, serverListeners='[]', serverMonitorListeners='[]'}, sslSettings=SslSettings{enabled=false, invalidHostNameAllowed=false, context=null}, applicationName='null', compressorList=[], uuidRepresentation=JAVA_LEGACY, serverApi=null, autoEncryptionSettings=null, contextProvider=null}
2023-10-02T16:55:32.942+05:30  INFO 14700 --- [cluster-ClusterId{value='651aa8ac2dbc185160506183', description='null'}-localhost:27017] org.mongodb.driver.cluster               : Monitor thread successfully connected to server with description ServerDescription{address=localhost:27017, type=STANDALONE, state=CONNECTED, ok=true, minWireVersion=0, maxWireVersion=8, maxDocumentSize=16777216, logicalSessionTimeoutMinutes=30, roundTripTimeNanos=31960100}
2023-10-02T16:55:33.836+05:30  INFO 14700 --- [main] o.s.b.w.embedded.tomcat.TomcatWebServer  : Tomcat started on port(s): 8090 (http) with context path ''
2023-10-02T16:55:33.843+05:30  INFO 14700 --- [main] com.stackroute.Main                      : Started Main in 5.514 seconds (process running for 6.359)
2023-10-02T16:55:59.905+05:30  INFO 14700 --- [http-nio-8090-exec-1] o.a.c.c.C.[Tomcat].[localhost].[/]       : Initializing Spring DispatcherServlet 'dispatcherServlet'
2023-10-02T16:55:59.905+05:30  INFO 14700 --- [http-nio-8090-exec-1] o.s.web.servlet.DispatcherServlet        : Initializing Servlet 'dispatcherServlet'
2023-10-02T16:55:59.906+05:30  INFO 14700 --- [http-nio-8090-exec-1] o.s.web.servlet.DispatcherServlet        : Completed initialization in 1 ms
2023-10-02T16:56:00.025+05:30 DEBUG 14700 --- [http-nio-8090-exec-1] o.s.data.mongodb.core.MongoTemplate      : findOne using query: { "patientId" : "650fe161ef773a225c7d37bd"} fields: Document{{}} for class: class com.stackroute.model.Patient in collection: patient_details
2023-10-02T16:56:48.016+05:30 DEBUG 14700 --- [http-nio-8090-exec-3] o.s.data.mongodb.core.MongoTemplate      : findOne using query: { "patientId" : "650fe161ef773a225c7d37bd"} fields: Document{{}} for class: class com.stackroute.model.Patient in collection: patient_details
2023-10-02T16:56:52.209+05:30 DEBUG 14700 --- [http-nio-8090-exec-4] o.s.data.mongodb.core.MongoTemplate      : findOne using query: { "patientId" : "650fe161ef773a225c7d37bd"} fields: Document{{}} for class: class com.stackroute.model.Patient in collection: patient_details
2023-10-02T16:56:56.063+05:30 DEBUG 14700 --- [http-nio-8090-exec-6] o.s.data.mongodb.core.MongoTemplate      : findOne using query: { "patientId" : "650fe161ef773a225c7d37bd"} fields: Document{{}} for class: class com.stackroute.model.Patient in collection: patient_details
2023-10-02T16:57:03.486+05:30 DEBUG 14700 --- [http-nio-8090-exec-7] o.s.data.mongodb.core.MongoTemplate      : findOne using query: { "patientId" : "650fe161ef773a225c7d37bd"} fields: Document{{}} for class: class com.stackroute.model.Patient in collection: patient_details
2023-10-02T16:58:54.208+05:30 DEBUG 14700 --- [http-nio-8090-exec-9] o.s.data.mongodb.core.MongoTemplate      : findOne using query: { "patientId" : "650fe161ef773a225c7d37bd"} fields: Document{{}} for class: class com.stackroute.model.Patient in collection: patient_details
2023-10-02T16:59:45.596+05:30 DEBUG 14700 --- [http-nio-8090-exec-1] o.s.data.mongodb.core.MongoTemplate      : findOne using query: { "patientId" : "650fe161ef773a225c7d37bd"} fields: Document{{}} for class: class com.stackroute.model.Patient in collection: patient_details
2023-10-02T17:00:52.258+05:30 DEBUG 14700 --- [http-nio-8090-exec-3] o.s.data.mongodb.core.MongoTemplate      : findOne using query: { "patientId" : "650fe161ef773a225c7d37bd"} fields: Document{{}} for class: class com.stackroute.model.Patient in collection: patient_details
2023-10-02T17:00:56.016+05:30 DEBUG 14700 --- [http-nio-8090-exec-4] o.s.data.mongodb.core.MongoTemplate      : findOne using query: { "patientId" : "650fe161ef773a225c7d37bd"} fields: Document{{}} for class: class com.stackroute.model.Patient in collection: patient_details
2023-10-02T17:08:10.477+05:30 DEBUG 14700 --- [http-nio-8090-exec-6] o.s.data.mongodb.core.MongoTemplate      : findOne using query: { "patientId" : "650fe161ef773a225c7d37bd"} fields: Document{{}} for class: class com.stackroute.model.Patient in collection: patient_details
2023-10-02T17:08:16.916+05:30 DEBUG 14700 --- [http-nio-8090-exec-8] o.s.data.mongodb.core.MongoTemplate      : findOne using query: { "patientId" : "650fe161ef773a225c7d37bd"} fields: Document{{}} for class: class com.stackroute.model.Patient in collection: patient_details
2023-10-02T17:12:04.708+05:30 DEBUG 14700 --- [http-nio-8090-exec-10] o.s.data.mongodb.core.MongoTemplate      : findOne using query: { "patientId" : "650fe161ef773a225c7d37bd"} fields: Document{{}} for class: class com.stackroute.model.Patient in collection: patient_details
2023-10-02T17:12:09.969+05:30 DEBUG 14700 --- [http-nio-8090-exec-1] o.s.data.mongodb.core.MongoTemplate      : findOne using query: { "patientId" : "650fe161ef773a225c7d37bd"} fields: Document{{}} for class: class com.stackroute.model.Patient in collection: patient_details
2023-10-02T17:35:12.096+05:30 DEBUG 14700 --- [http-nio-8090-exec-3] o.s.data.mongodb.core.MongoTemplate      : findOne using query: { "patientId" : "6518631ba32afb3213588881"} fields: Document{{}} for class: class com.stackroute.model.Patient in collection: patient_details
2023-10-02T17:35:54.163+05:30 DEBUG 14700 --- [http-nio-8090-exec-5] o.s.data.mongodb.core.MongoTemplate      : findOne using query: { "patientId" : "6518631ba32afb3213588881"} fields: Document{{}} for class: class com.stackroute.model.Patient in collection: patient_details
2023-10-02T17:35:54.194+05:30 DEBUG 14700 --- [http-nio-8090-exec-5] o.s.data.mongodb.core.MongoTemplate      : Saving Document containing fields: [_id, patientName, email, phoneNumber, dob, bloodGroup, gender, cityName, district, state, country, zip, medicalHistory, medicineHistory, treatmentHistory, _class]
2023-10-02T17:35:59.620+05:30 DEBUG 14700 --- [http-nio-8090-exec-6] o.s.data.mongodb.core.MongoTemplate      : findOne using query: { "patientId" : "6518631ba32afb3213588881"} fields: Document{{}} for class: class com.stackroute.model.Patient in collection: patient_details
2023-10-02T17:36:06.331+05:30 DEBUG 14700 --- [http-nio-8090-exec-7] o.s.data.mongodb.core.MongoTemplate      : findOne using query: { "patientId" : "patientId"} fields: Document{{}} for class: class com.stackroute.model.Patient in collection: patient_details
2023-10-02T17:36:21.875+05:30 DEBUG 14700 --- [http-nio-8090-exec-8] o.s.data.mongodb.core.MongoTemplate      : findOne using query: { "patientId" : "6518631ba32afb3213588881"} fields: Document{{}} for class: class com.stackroute.model.Patient in collection: patient_details
2023-10-02T17:36:25.923+05:30 DEBUG 14700 --- [http-nio-8090-exec-9] o.s.data.mongodb.core.MongoTemplate      : findOne using query: { "patientId" : "6518631ba32afb3213588881"} fields: Document{{}} for class: class com.stackroute.model.Patient in collection: patient_details
2023-10-02T17:37:57.192+05:30 DEBUG 14700 --- [http-nio-8090-exec-1] o.s.data.mongodb.core.MongoTemplate      : findOne using query: { "patientId" : "6518631ba32afb3213588881"} fields: Document{{}} for class: class com.stackroute.model.Patient in collection: patient_details
2023-10-02T17:38:54.378+05:30 DEBUG 14700 --- [http-nio-8090-exec-2] o.s.data.mongodb.core.MongoTemplate      : findOne using query: { "patientId" : "650fe161ef773a225c7d37bd"} fields: Document{{}} for class: class com.stackroute.model.Patient in collection: patient_details
2023-10-02T17:46:43.518+05:30 DEBUG 14700 --- [http-nio-8090-exec-4] o.s.data.mongodb.core.MongoTemplate      : findOne using query: { "patientId" : "650fe161ef773a225c7d37bd"} fields: Document{{}} for class: class com.stackroute.model.Patient in collection: patient_details
