2023-09-27 10:59:19 [main] INFO  com.stackroute.Main - Starting Main using Java 20.0.2 with PID 12420 (C:\Users\SUMAN\Desktop\cgi project back\healthspar\authentication-service\target\classes started by SUMAN in C:\Users\SUMAN\Desktop\cgi project back\healthspar\authentication-service)
2023-09-27 10:59:20 [main] DEBUG com.stackroute.Main - Running with Spring Boot v3.1.3, Spring v6.0.11
2023-09-27 10:59:20 [main] INFO  com.stackroute.Main - No active profile set, falling back to 1 default profile: "default"
2023-09-27 10:59:25 [main] INFO  o.s.d.r.c.RepositoryConfigurationDelegate - Bootstrapping Spring Data JPA repositories in DEFAULT mode.
2023-09-27 10:59:25 [main] INFO  o.s.d.r.c.RepositoryConfigurationDelegate - Finished Spring Data repository scanning in 419 ms. Found 2 JPA repository interfaces.
2023-09-27 10:59:31 [main] INFO  o.s.b.w.e.tomcat.TomcatWebServer - Tomcat initialized with port(s): 8085 (http)
2023-09-27 10:59:31 [main] INFO  o.a.catalina.core.StandardService - Starting service [Tomcat]
2023-09-27 10:59:31 [main] INFO  o.a.catalina.core.StandardEngine - Starting Servlet engine: [Apache Tomcat/10.1.12]
2023-09-27 10:59:32 [main] INFO  o.a.c.c.C.[Tomcat].[localhost].[/] - Initializing Spring embedded WebApplicationContext
2023-09-27 10:59:32 [main] INFO  o.s.b.w.s.c.ServletWebServerApplicationContext - Root WebApplicationContext: initialization completed in 12112 ms
2023-09-27 10:59:32 [main] INFO  o.h.jpa.internal.util.LogHelper - HHH000204: Processing PersistenceUnitInfo [name: default]
2023-09-27 10:59:33 [main] INFO  org.hibernate.Version - HHH000412: Hibernate ORM core version 6.2.7.Final
2023-09-27 10:59:33 [main] INFO  org.hibernate.cfg.Environment - HHH000406: Using bytecode reflection optimizer
2023-09-27 10:59:33 [main] INFO  o.h.b.i.BytecodeProviderInitiator - HHH000021: Bytecode provider name : bytebuddy
2023-09-27 10:59:33 [main] INFO  o.s.o.j.p.SpringPersistenceUnitInfo - No LoadTimeWeaver setup: ignoring JPA class transformer
2023-09-27 10:59:33 [main] INFO  com.zaxxer.hikari.HikariDataSource - HikariPool-1 - Starting...
2023-09-27 10:59:46 [main] INFO  com.zaxxer.hikari.pool.HikariPool - HikariPool-1 - Added connection com.mysql.cj.jdbc.ConnectionImpl@11bdab37
2023-09-27 10:59:46 [main] INFO  com.zaxxer.hikari.HikariDataSource - HikariPool-1 - Start completed.
2023-09-27 10:59:47 [main] WARN  org.hibernate.orm.deprecation - HHH90000026: MySQL8Dialect has been deprecated; use org.hibernate.dialect.MySQLDialect instead
2023-09-27 10:59:47 [main] INFO  o.h.b.i.BytecodeProviderInitiator - HHH000021: Bytecode provider name : bytebuddy
2023-09-27 10:59:49 [main] INFO  o.h.e.t.j.p.i.JtaPlatformInitiator - HHH000490: Using JtaPlatform implementation: [org.hibernate.engine.transaction.jta.platform.internal.NoJtaPlatform]
2023-09-27 10:59:53 [main] DEBUG org.hibernate.SQL - alter table _user modify column role  enum ('ADMIN','HCP','PATIENT')
2023-09-27 10:59:55 [main] DEBUG org.hibernate.SQL - alter table token modify column token_type  enum ('BEARER')
2023-09-27 10:59:55 [main] INFO  o.s.o.j.LocalContainerEntityManagerFactoryBean - Initialized JPA EntityManagerFactory for persistence unit 'default'
2023-09-27 10:59:56 [main] INFO  o.s.d.j.r.query.QueryEnhancerFactory - Hibernate is in classpath; If applicable, HQL parser will be used.
2023-09-27 10:59:57 [main] DEBUG c.s.config.JwtAuthenticationFilter - Filter 'jwtAuthenticationFilter' configured for use
2023-09-27 10:59:57 [main] WARN  o.s.b.a.o.j.JpaBaseConfiguration$JpaWebConfiguration - spring.jpa.open-in-view is enabled by default. Therefore, database queries may be performed during view rendering. Explicitly configure spring.jpa.open-in-view to disable this warning
2023-09-27 10:59:59 [main] INFO  o.s.s.web.DefaultSecurityFilterChain - Will secure any request with [org.springframework.security.web.session.DisableEncodeUrlFilter@3fa13835, org.springframework.security.web.context.request.async.WebAsyncManagerIntegrationFilter@78edbe01, org.springframework.security.web.context.SecurityContextHolderFilter@2e3334d, org.springframework.security.web.header.HeaderWriterFilter@1c1b9de9, org.springframework.web.filter.CorsFilter@438f205c, org.springframework.security.web.authentication.logout.LogoutFilter@63c8a30e, com.stackroute.config.JwtAuthenticationFilter@597f9d91, org.springframework.security.web.savedrequest.RequestCacheAwareFilter@6cddb04c, org.springframework.security.web.servletapi.SecurityContextHolderAwareRequestFilter@1c6d65f7, org.springframework.security.web.authentication.AnonymousAuthenticationFilter@3a2f4611, org.springframework.security.web.session.SessionManagementFilter@68a1906f, org.springframework.security.web.access.ExceptionTranslationFilter@22263e1a, org.springframework.security.web.access.intercept.FilterSecurityInterceptor@fcecc45]
2023-09-27 11:00:03 [main] INFO  o.s.b.w.e.tomcat.TomcatWebServer - Tomcat started on port(s): 8085 (http) with context path ''
2023-09-27 11:00:03 [main] INFO  com.stackroute.Main - Started Main in 45.948 seconds (process running for 48.487)
2023-09-27 11:00:04 [main] DEBUG org.hibernate.SQL - select next_val as id_val from _user_seq for update
2023-09-27 11:00:14 [main] DEBUG org.hibernate.SQL - update _user_seq set next_val= ? where next_val=?
2023-09-27 11:00:15 [main] DEBUG org.hibernate.SQL - insert into _user (email,name,password,role,id) values (?,?,?,?,?)
2023-09-27 11:00:15 [main] DEBUG org.hibernate.SQL - select next_val as id_val from token_seq for update
2023-09-27 11:00:15 [main] DEBUG org.hibernate.SQL - update token_seq set next_val= ? where next_val=?
2023-09-27 11:00:15 [main] DEBUG org.hibernate.SQL - insert into token (expired,revoked,token,token_type,user_id,id) values (?,?,?,?,?,?)
2023-09-27 11:07:51 [http-nio-8085-exec-2] INFO  o.a.c.c.C.[Tomcat].[localhost].[/] - Initializing Spring DispatcherServlet 'dispatcherServlet'
2023-09-27 11:07:51 [http-nio-8085-exec-2] INFO  o.s.web.servlet.DispatcherServlet - Initializing Servlet 'dispatcherServlet'
2023-09-27 11:07:54 [http-nio-8085-exec-2] INFO  o.s.web.servlet.DispatcherServlet - Completed initialization in 2646 ms
2023-09-27 11:08:02 [http-nio-8085-exec-2] DEBUG org.hibernate.SQL - insert into _user (email,name,password,role,id) values (?,?,?,?,?)
2023-09-27 11:08:03 [http-nio-8085-exec-2] DEBUG org.hibernate.SQL - insert into token (expired,revoked,token,token_type,user_id,id) values (?,?,?,?,?,?)
